{"level":"info","ts":1635817622.1525698,"msg":"using adjacent Caddyfile"}
{"level":"warn","ts":1635817622.1538808,"msg":"input is not formatted with 'caddy fmt'","adapter":"caddyfile","file":"Caddyfile","line":15}
{"level":"warn","ts":1635817622.1542451,"logger":"admin","msg":"admin endpoint disabled"}
{"level":"info","ts":1635817622.154609,"logger":"tls.cache.maintenance","msg":"started background certificate maintenance","cache":"0xc000333110"}
{"level":"info","ts":1635817622.1550298,"logger":"tls","msg":"cleaning storage unit","description":"FileStorage:/home/ubuntu/.local/share/caddy"}
{"level":"info","ts":1635817622.1550703,"logger":"tls","msg":"finished cleaning storage units"}
{"level":"info","ts":1635817622.1551142,"msg":"autosaved config (load with --resume flag)","file":"/home/ubuntu/.config/caddy/autosave.json"}
{"level":"info","ts":1635817622.1551285,"msg":"serving initial configuration"}
{"level":"error","ts":1635817627.4013898,"logger":"http.log.error","msg":"dial tcp: lookup 127:0.0.1:7004: no such host","request":{"remote_addr":"131.179.60.144:29491","proto":"HTTP/1.1","method":"GET","host":"acmcyber.com:10000","uri":"/web1","headers":{"User-Agent":["Mozilla/5.0 (Macintosh; Intel Mac OS X 10_15_7) AppleWebKit/537.36 (KHTML, like Gecko) Chrome/95.0.4638.54 Safari/537.36"],"Accept":["text/html,application/xhtml+xml,application/xml;q=0.9,image/avif,image/webp,image/apng,*/*;q=0.8,application/signed-exchange;v=b3;q=0.9"],"Accept-Encoding":["gzip, deflate"],"Accept-Language":["en-US,en;q=0.9"],"Connection":["keep-alive"],"Upgrade-Insecure-Requests":["1"]}},"duration":0.000545995,"status":502,"err_id":"f0uegvadi","err_trace":"reverseproxy.statusError (reverseproxy.go:857)"}
{"level":"error","ts":1635817629.094525,"logger":"http.log.error","msg":"dial tcp: lookup 127:0.0.1:7004: no such host","request":{"remote_addr":"131.179.60.144:29491","proto":"HTTP/1.1","method":"GET","host":"acmcyber.com:10000","uri":"/web1","headers":{"Accept":["text/html,application/xhtml+xml,application/xml;q=0.9,image/avif,image/webp,image/apng,*/*;q=0.8,application/signed-exchange;v=b3;q=0.9"],"Accept-Encoding":["gzip, deflate"],"Accept-Language":["en-US,en;q=0.9"],"Connection":["keep-alive"],"Cache-Control":["max-age=0"],"Upgrade-Insecure-Requests":["1"],"User-Agent":["Mozilla/5.0 (Macintosh; Intel Mac OS X 10_15_7) AppleWebKit/537.36 (KHTML, like Gecko) Chrome/95.0.4638.54 Safari/537.36"]}},"duration":0.000244375,"status":502,"err_id":"kte9zfsn7","err_trace":"reverseproxy.statusError (reverseproxy.go:857)"}
{"level":"error","ts":1635817629.897556,"logger":"http.log.error","msg":"dial tcp: lookup 127:0.0.1:7004: no such host","request":{"remote_addr":"131.179.60.144:29491","proto":"HTTP/1.1","method":"GET","host":"acmcyber.com:10000","uri":"/web1","headers":{"Accept-Encoding":["gzip, deflate"],"Accept-Language":["en-US,en;q=0.9"],"Connection":["keep-alive"],"Cache-Control":["max-age=0"],"Upgrade-Insecure-Requests":["1"],"User-Agent":["Mozilla/5.0 (Macintosh; Intel Mac OS X 10_15_7) AppleWebKit/537.36 (KHTML, like Gecko) Chrome/95.0.4638.54 Safari/537.36"],"Accept":["text/html,application/xhtml+xml,application/xml;q=0.9,image/avif,image/webp,image/apng,*/*;q=0.8,application/signed-exchange;v=b3;q=0.9"]}},"duration":0.000221903,"status":502,"err_id":"2iqsisazx","err_trace":"reverseproxy.statusError (reverseproxy.go:857)"}
{"level":"error","ts":1635817641.250269,"logger":"http.log.error","msg":"dial tcp: lookup 127:0.0.1:7004: no such host","request":{"remote_addr":"131.179.60.144:29491","proto":"HTTP/1.1","method":"GET","host":"acmcyber.com:10000","uri":"/web1","headers":{"Cache-Control":["max-age=0"],"Upgrade-Insecure-Requests":["1"],"User-Agent":["Mozilla/5.0 (Macintosh; Intel Mac OS X 10_15_7) AppleWebKit/537.36 (KHTML, like Gecko) Chrome/95.0.4638.54 Safari/537.36"],"Accept":["text/html,application/xhtml+xml,application/xml;q=0.9,image/avif,image/webp,image/apng,*/*;q=0.8,application/signed-exchange;v=b3;q=0.9"],"Accept-Encoding":["gzip, deflate"],"Accept-Language":["en-US,en;q=0.9"],"Connection":["keep-alive"]}},"duration":0.000239718,"status":502,"err_id":"dz0dzffyn","err_trace":"reverseproxy.statusError (reverseproxy.go:857)"}
{"level":"error","ts":1635817654.5628405,"logger":"http.log.error","msg":"dial tcp: lookup 127:0.0.1:7004: no such host","request":{"remote_addr":"131.179.60.144:29491","proto":"HTTP/1.1","method":"GET","host":"acmcyber.com:10000","uri":"/","headers":{"Connection":["keep-alive"],"Upgrade-Insecure-Requests":["1"],"User-Agent":["Mozilla/5.0 (Macintosh; Intel Mac OS X 10_15_7) AppleWebKit/537.36 (KHTML, like Gecko) Chrome/95.0.4638.54 Safari/537.36"],"Accept":["text/html,application/xhtml+xml,application/xml;q=0.9,image/avif,image/webp,image/apng,*/*;q=0.8,application/signed-exchange;v=b3;q=0.9"],"Accept-Encoding":["gzip, deflate"],"Accept-Language":["en-US,en;q=0.9"]}},"duration":0.000232798,"status":502,"err_id":"xr64ytwvx","err_trace":"reverseproxy.statusError (reverseproxy.go:857)"}
{"level":"error","ts":1635817658.1492672,"logger":"http.log.error","msg":"dial tcp: lookup 127:0.0.1:7004: no such host","request":{"remote_addr":"131.179.60.144:29491","proto":"HTTP/1.1","method":"GET","host":"acmcyber.com:10000","uri":"/","headers":{"Connection":["keep-alive"],"Cache-Control":["max-age=0"],"Upgrade-Insecure-Requests":["1"],"User-Agent":["Mozilla/5.0 (Macintosh; Intel Mac OS X 10_15_7) AppleWebKit/537.36 (KHTML, like Gecko) Chrome/95.0.4638.54 Safari/537.36"],"Accept":["text/html,application/xhtml+xml,application/xml;q=0.9,image/avif,image/webp,image/apng,*/*;q=0.8,application/signed-exchange;v=b3;q=0.9"],"Accept-Encoding":["gzip, deflate"],"Accept-Language":["en-US,en;q=0.9"]}},"duration":0.000212704,"status":502,"err_id":"fkhxin56k","err_trace":"reverseproxy.statusError (reverseproxy.go:857)"}
{"level":"error","ts":1635817666.827164,"logger":"http.log.error","msg":"dial tcp: lookup 127:0.0.1:7004: no such host","request":{"remote_addr":"131.179.60.144:29491","proto":"HTTP/1.1","method":"GET","host":"acmcyber.com:10000","uri":"/","headers":{"User-Agent":["Mozilla/5.0 (Macintosh; Intel Mac OS X 10_15_7) AppleWebKit/537.36 (KHTML, like Gecko) Chrome/95.0.4638.54 Safari/537.36"],"Accept":["text/html,application/xhtml+xml,application/xml;q=0.9,image/avif,image/webp,image/apng,*/*;q=0.8,application/signed-exchange;v=b3;q=0.9"],"Accept-Encoding":["gzip, deflate"],"Accept-Language":["en-US,en;q=0.9"],"Connection":["keep-alive"],"Cache-Control":["max-age=0"],"Upgrade-Insecure-Requests":["1"]}},"duration":0.000192977,"status":502,"err_id":"rbpfa980k","err_trace":"reverseproxy.statusError (reverseproxy.go:857)"}
{"level":"error","ts":1635817667.6650653,"logger":"http.log.error","msg":"dial tcp: lookup 127:0.0.1:7004: no such host","request":{"remote_addr":"131.179.60.144:29491","proto":"HTTP/1.1","method":"GET","host":"acmcyber.com:10000","uri":"/","headers":{"Connection":["keep-alive"],"Cache-Control":["max-age=0"],"Upgrade-Insecure-Requests":["1"],"User-Agent":["Mozilla/5.0 (Macintosh; Intel Mac OS X 10_15_7) AppleWebKit/537.36 (KHTML, like Gecko) Chrome/95.0.4638.54 Safari/537.36"],"Accept":["text/html,application/xhtml+xml,application/xml;q=0.9,image/avif,image/webp,image/apng,*/*;q=0.8,application/signed-exchange;v=b3;q=0.9"],"Accept-Encoding":["gzip, deflate"],"Accept-Language":["en-US,en;q=0.9"]}},"duration":0.000161806,"status":502,"err_id":"0y5asf32t","err_trace":"reverseproxy.statusError (reverseproxy.go:857)"}
{"level":"info","ts":1635817707.023107,"msg":"shutting down apps, then terminating","signal":"SIGTERM"}
{"level":"warn","ts":1635817707.0231605,"msg":"exiting; byeee!! 👋","signal":"SIGTERM"}
{"level":"info","ts":1635817707.0245986,"logger":"tls.cache.maintenance","msg":"stopped background certificate maintenance","cache":"0xc000333110"}
{"level":"info","ts":1635817707.0246606,"msg":"shutdown complete","signal":"SIGTERM","exit_code":0}
{"level":"info","ts":1635817843.9515114,"msg":"using adjacent Caddyfile"}
{"level":"warn","ts":1635817843.9526706,"msg":"input is not formatted with 'caddy fmt'","adapter":"caddyfile","file":"Caddyfile","line":11}
{"level":"warn","ts":1635817843.9530041,"logger":"admin","msg":"admin endpoint disabled"}
{"level":"info","ts":1635817843.9537668,"msg":"autosaved config (load with --resume flag)","file":"/home/ubuntu/.config/caddy/autosave.json"}
{"level":"info","ts":1635817843.953782,"msg":"serving initial configuration"}
{"level":"info","ts":1635817843.953926,"logger":"tls.cache.maintenance","msg":"started background certificate maintenance","cache":"0xc0002f8d90"}
{"level":"info","ts":1635817843.9539804,"logger":"tls","msg":"cleaning storage unit","description":"FileStorage:/home/ubuntu/.local/share/caddy"}
{"level":"info","ts":1635817843.9540021,"logger":"tls","msg":"finished cleaning storage units"}
{"level":"info","ts":1635817845.7639854,"msg":"shutting down","signal":"SIGINT"}
{"level":"warn","ts":1635817845.7640693,"msg":"exiting; byeee!! 👋","signal":"SIGINT"}
{"level":"info","ts":1635817845.765383,"logger":"tls.cache.maintenance","msg":"stopped background certificate maintenance","cache":"0xc0002f8d90"}
{"level":"info","ts":1635817845.76543,"msg":"shutdown complete","signal":"SIGINT","exit_code":0}
{"level":"info","ts":1635817847.838576,"msg":"using adjacent Caddyfile"}
{"level":"warn","ts":1635817847.839749,"msg":"input is not formatted with 'caddy fmt'","adapter":"caddyfile","file":"Caddyfile","line":11}
{"level":"warn","ts":1635817847.8400724,"logger":"admin","msg":"admin endpoint disabled"}
{"level":"info","ts":1635817847.8408248,"msg":"autosaved config (load with --resume flag)","file":"/home/ubuntu/.config/caddy/autosave.json"}
{"level":"info","ts":1635817847.8408394,"msg":"serving initial configuration"}
{"level":"info","ts":1635817847.8409984,"logger":"tls.cache.maintenance","msg":"started background certificate maintenance","cache":"0xc0002fde30"}
{"level":"info","ts":1635817847.8410435,"logger":"tls","msg":"cleaning storage unit","description":"FileStorage:/home/ubuntu/.local/share/caddy"}
{"level":"info","ts":1635817847.8410683,"logger":"tls","msg":"finished cleaning storage units"}
{"level":"info","ts":1635904247.8408012,"logger":"tls","msg":"cleaning storage unit","description":"FileStorage:/home/ubuntu/.local/share/caddy"}
{"level":"info","ts":1635904247.8408926,"logger":"tls","msg":"finished cleaning storage units"}
{"level":"info","ts":1635990647.873557,"logger":"tls","msg":"cleaning storage unit","description":"FileStorage:/home/ubuntu/.local/share/caddy"}
{"level":"info","ts":1635990647.873643,"logger":"tls","msg":"finished cleaning storage units"}
{"level":"info","ts":1636077047.8407803,"logger":"tls","msg":"cleaning storage unit","description":"FileStorage:/home/ubuntu/.local/share/caddy"}
{"level":"info","ts":1636077047.8408625,"logger":"tls","msg":"finished cleaning storage units"}
{"level":"info","ts":1636163447.9321923,"logger":"tls","msg":"cleaning storage unit","description":"FileStorage:/home/ubuntu/.local/share/caddy"}
{"level":"info","ts":1636163447.9323888,"logger":"tls","msg":"finished cleaning storage units"}
{"level":"info","ts":1636249847.8408,"logger":"tls","msg":"cleaning storage unit","description":"FileStorage:/home/ubuntu/.local/share/caddy"}
{"level":"info","ts":1636249847.840889,"logger":"tls","msg":"finished cleaning storage units"}
{"level":"info","ts":1636336247.9322624,"logger":"tls","msg":"cleaning storage unit","description":"FileStorage:/home/ubuntu/.local/share/caddy"}
{"level":"info","ts":1636336247.9323425,"logger":"tls","msg":"finished cleaning storage units"}
{"level":"info","ts":1636422647.8407762,"logger":"tls","msg":"cleaning storage unit","description":"FileStorage:/home/ubuntu/.local/share/caddy"}
{"level":"info","ts":1636422647.8408747,"logger":"tls","msg":"finished cleaning storage units"}
{"level":"info","ts":1636509047.8407788,"logger":"tls","msg":"cleaning storage unit","description":"FileStorage:/home/ubuntu/.local/share/caddy"}
{"level":"info","ts":1636509047.84086,"logger":"tls","msg":"finished cleaning storage units"}
{"level":"info","ts":1636595447.8407998,"logger":"tls","msg":"cleaning storage unit","description":"FileStorage:/home/ubuntu/.local/share/caddy"}
{"level":"info","ts":1636595447.8408844,"logger":"tls","msg":"finished cleaning storage units"}
{"level":"info","ts":1636681847.8741899,"logger":"tls","msg":"cleaning storage unit","description":"FileStorage:/home/ubuntu/.local/share/caddy"}
{"level":"info","ts":1636681847.874272,"logger":"tls","msg":"finished cleaning storage units"}
{"level":"info","ts":1636768247.9320257,"logger":"tls","msg":"cleaning storage unit","description":"FileStorage:/home/ubuntu/.local/share/caddy"}
{"level":"info","ts":1636768247.9324667,"logger":"tls","msg":"finished cleaning storage units"}
{"level":"info","ts":1636854647.840779,"logger":"tls","msg":"cleaning storage unit","description":"FileStorage:/home/ubuntu/.local/share/caddy"}
{"level":"info","ts":1636854647.8408592,"logger":"tls","msg":"finished cleaning storage units"}
{"level":"info","ts":1636936935.5184839,"msg":"shutting down apps, then terminating","signal":"SIGTERM"}
{"level":"warn","ts":1636936935.5185256,"msg":"exiting; byeee!! 👋","signal":"SIGTERM"}
{"level":"info","ts":1636936935.6142564,"logger":"tls.cache.maintenance","msg":"stopped background certificate maintenance","cache":"0xc0002fde30"}
{"level":"info","ts":1636936935.6174066,"msg":"shutdown complete","signal":"SIGTERM","exit_code":0}
